[debug] [2022-12-07T20:11:15.387Z] ----------------------------------------------------------------------
[debug] [2022-12-07T20:11:15.389Z] Command:       C:\Program Files\nodejs\node.exe C:\Users\Piyush\AppData\Roaming\npm\node_modules\firebase-tools\lib\bin\firebase.js init
[debug] [2022-12-07T20:11:15.389Z] CLI Version:   11.17.0
[debug] [2022-12-07T20:11:15.390Z] Platform:      win32
[debug] [2022-12-07T20:11:15.390Z] Node Version:  v16.16.0
[debug] [2022-12-07T20:11:15.391Z] Time:          Thu Dec 08 2022 01:41:15 GMT+0530 (India Standard Time)
[debug] [2022-12-07T20:11:15.391Z] ----------------------------------------------------------------------
[debug] 
[debug] [2022-12-07T20:11:15.401Z] > command requires scopes: ["email","openid","https://www.googleapis.com/auth/cloudplatformprojects.readonly","https://www.googleapis.com/auth/firebase","https://www.googleapis.com/auth/cloud-platform"]
[debug] [2022-12-07T20:11:15.402Z] > authorizing via signed-in user (jagspiyush@gmail.com)
[info] 
     ######## #### ########  ######## ########     ###     ######  ########
     ##        ##  ##     ## ##       ##     ##  ##   ##  ##       ##
     ######    ##  ########  ######   ########  #########  ######  ######
     ##        ##  ##    ##  ##       ##     ## ##     ##       ## ##
     ##       #### ##     ## ######## ########  ##     ##  ######  ########

You're about to initialize a Firebase project in this directory:

  C:\Users\Piyush\Documents\MERN\Udemy - MERN Stack Front To Back Full Stack React, Redux Node.js\DevConnector

[info] 
=== Project Setup
[info] 
[info] First, let's associate this project directory with a Firebase project.
[info] You can create multiple project aliases by running firebase use --add, 
[info] but for now we'll just set up a default project.
[info] 
[debug] [2022-12-07T20:11:54.088Z] > refreshing access token with scopes: []
[debug] [2022-12-07T20:11:54.091Z] >>> [apiv2][query] POST https://www.googleapis.com/oauth2/v3/token [none]
[debug] [2022-12-07T20:11:54.091Z] >>> [apiv2][body] POST https://www.googleapis.com/oauth2/v3/token [omitted]
[debug] [2022-12-07T20:11:54.326Z] <<< [apiv2][status] POST https://www.googleapis.com/oauth2/v3/token 200
[debug] [2022-12-07T20:11:54.326Z] <<< [apiv2][body] POST https://www.googleapis.com/oauth2/v3/token [omitted]
[debug] [2022-12-07T20:11:54.340Z] >>> [apiv2][query] GET https://firebase.googleapis.com/v1beta1/projects pageSize=100
[debug] [2022-12-07T20:11:55.667Z] <<< [apiv2][status] GET https://firebase.googleapis.com/v1beta1/projects 200
[debug] [2022-12-07T20:11:55.667Z] <<< [apiv2][body] GET https://firebase.googleapis.com/v1beta1/projects [omitted]
[info] i  Using project devconnector-917fe (DevConnector) 
[info] 
=== Hosting Setup
[info] 
[info] Your public directory is the folder (relative to your project directory) that
[info] will contain Hosting assets to be uploaded with firebase deploy. If you
[info] have a build process for your assets, use your build's output directory.
[info] 
[debug] [2022-12-07T20:12:28.234Z] >>> [apiv2][query] GET https://www.gstatic.com/firebasejs/releases.json [none]
[debug] [2022-12-07T20:12:28.339Z] <<< [apiv2][status] GET https://www.gstatic.com/firebasejs/releases.json 200
[debug] [2022-12-07T20:12:28.340Z] <<< [apiv2][body] GET https://www.gstatic.com/firebasejs/releases.json {"current":{"version":"9.14.0","browserURL":"https://www.gstatic.com/firebasejs/9.14.0/firebase.js","packageURL":"https://www.gstatic.com/firebasejs/9.14.0/firebase.tgz"},"live":{"version":"9.14","browserURL":"https://www.gstatic.com/firebasejs/live/9.14/firebase.js","packageURL":"https://www.gstatic.com/firebasejs/live/9.14/firebase.tgz"},"components":{"analytics":"https://www.gstatic.com/firebasejs/9.14.0/firebase-analytics.js","app":"https://www.gstatic.com/firebasejs/9.14.0/firebase-app.js","app-check":"https://www.gstatic.com/firebasejs/9.14.0/firebase-app-check.js","auth":"https://www.gstatic.com/firebasejs/9.14.0/firebase-auth.js","auth/cordova":"https://www.gstatic.com/firebasejs/9.14.0/firebase-auth/cordova.js","auth/react-native":"https://www.gstatic.com/firebasejs/9.14.0/firebase-auth/react-native.js","functions":"https://www.gstatic.com/firebasejs/9.14.0/firebase-functions.js","firestore":"https://www.gstatic.com/firebasejs/9.14.0/firebase-firestore.js","firestore/lite":"https://www.gstatic.com/firebasejs/9.14.0/firebase-firestore/lite.js","installations":"https://www.gstatic.com/firebasejs/9.14.0/firebase-installations.js","storage":"https://www.gstatic.com/firebasejs/9.14.0/firebase-storage.js","performance":"https://www.gstatic.com/firebasejs/9.14.0/firebase-performance.js","remote-config":"https://www.gstatic.com/firebasejs/9.14.0/firebase-remote-config.js","messaging":"https://www.gstatic.com/firebasejs/9.14.0/firebase-messaging.js","messaging/sw":"https://www.gstatic.com/firebasejs/9.14.0/firebase-messaging/sw.js","database":"https://www.gstatic.com/firebasejs/9.14.0/firebase-database.js","firestore.memory":"https://www.gstatic.com/firebasejs/9.14.0/firebase-firestore.memory.js"}}
[info] +  Wrote public/index.html 
[info] 
[info] i  Didn't detect a .git folder. Assuming C:\Users\Piyush\Documents\MERN\Udemy - MERN Stack Front To Back Full Stack React, Redux Node.js\DevConnector is the project root. 
[info] i  Authorizing with GitHub to upload your service account to a GitHub repository's secrets store. 
[info] 
[info] Visit this URL on this device to log in:
[info] https://github.com/login/oauth/authorize?client_id=89cf50f02ac6aaed3484&state=469932071&redirect_uri=http%3A%2F%2Flocalhost%3A9005&scope=read%3Auser%20repo%20public_repo
[info] 
[info] Waiting for authentication...
[debug] [2022-12-07T20:13:34.965Z] >>> [apiv2][query] POST https://github.com/login/oauth/access_token [none]
[debug] [2022-12-07T20:13:34.965Z] >>> [apiv2][body] POST https://github.com/login/oauth/access_token [stream]
[debug] [2022-12-07T20:13:35.326Z] <<< [apiv2][status] POST https://github.com/login/oauth/access_token 200
[debug] [2022-12-07T20:13:35.326Z] <<< [apiv2][body] POST https://github.com/login/oauth/access_token {"access_token":"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","token_type":"bearer","scope":"read:user,repo"}
[debug] [2022-12-07T20:13:35.335Z] >>> [apiv2][query] GET https://api.github.com/user [none]
[debug] [2022-12-07T20:13:35.779Z] <<< [apiv2][status] GET https://api.github.com/user 200
[debug] [2022-12-07T20:13:35.779Z] <<< [apiv2][body] GET https://api.github.com/user {"login":"piyushjagtap22","id":46842860,"node_id":"MDQ6VXNlcjQ2ODQyODYw","avatar_url":"https://avatars.githubusercontent.com/u/46842860?v=4","gravatar_id":"","url":"https://api.github.com/users/piyushjagtap22","html_url":"https://github.com/piyushjagtap22","followers_url":"https://api.github.com/users/piyushjagtap22/followers","following_url":"https://api.github.com/users/piyushjagtap22/following{/other_user}","gists_url":"https://api.github.com/users/piyushjagtap22/gists{/gist_id}","starred_url":"https://api.github.com/users/piyushjagtap22/starred{/owner}{/repo}","subscriptions_url":"https://api.github.com/users/piyushjagtap22/subscriptions","organizations_url":"https://api.github.com/users/piyushjagtap22/orgs","repos_url":"https://api.github.com/users/piyushjagtap22/repos","events_url":"https://api.github.com/users/piyushjagtap22/events{/privacy}","received_events_url":"https://api.github.com/users/piyushjagtap22/received_events","type":"User","site_admin":false,"name":"Piyush Jagtap","company":null,"blog":"","location":"Bhopal, India","email":null,"hireable":null,"bio":"Enthusiast..","twitter_username":null,"public_repos":15,"public_gists":0,"followers":2,"following":2,"created_at":"2019-01-19T12:45:10Z","updated_at":"2022-11-14T09:42:01Z","private_gists":2,"total_private_repos":6,"owned_private_repos":6,"disk_usage":380828,"collaborators":6,"two_factor_authentication":false,"plan":{"name":"pro","space":976562499,"collaborators":0,"private_repos":9999}}
[info] 
[info] +  Success! Logged into GitHub as piyushjagtap22 
[info] 
[debug] [2022-12-07T20:13:54.346Z] >>> [apiv2][query] GET https://api.github.com/repos//actions/secrets/public-key type=owner
[debug] [2022-12-07T20:13:54.633Z] <<< [apiv2][status] GET https://api.github.com/repos//actions/secrets/public-key 404
[debug] [2022-12-07T20:13:54.634Z] <<< [apiv2][body] GET https://api.github.com/repos//actions/secrets/public-key {"message":"Not Found","documentation_url":"https://docs.github.com/rest"}
